2019-05-04 15:58:05,558 :: INFO :: Starting Astro Bot ...
2019-05-04 15:58:05,673 :: INFO :: Extension events.Events has been loaded.
2019-05-04 15:58:05,686 :: WARNING :: Failed to load extension src.module.nendo.NendoCommands
ExtensionNotFound: Extension 'src.module.nendo.NendoCommands' could not be loaded.
2019-05-04 15:58:05,690 :: INFO :: Extension misc.MiscCommands has been loaded.
2019-05-04 15:58:09,178 :: INFO :: Logged in as Astro Bot
2019-05-04 15:58:33,615 :: INFO :: Starting Astro Bot ...
2019-05-04 15:58:33,682 :: INFO :: Extension events.Events has been loaded.
2019-05-04 15:58:33,815 :: INFO :: Extension src.module.nendo.NendoCommands has been loaded.
2019-05-04 15:58:33,822 :: INFO :: Extension misc.MiscCommands has been loaded.
2019-05-04 15:58:37,135 :: INFO :: Logged in as Astro Bot
2019-05-04 16:03:14,614 :: INFO :: Starting Astro Bot ...
2019-05-04 16:03:14,658 :: INFO :: Extension src.module.events.Events has been loaded.
2019-05-04 16:03:14,705 :: INFO :: Extension src.module.nendo.NendoCommands has been loaded.
2019-05-04 16:03:14,710 :: INFO :: Extension src.module.misc.MiscCommands has been loaded.
2019-05-04 16:03:18,049 :: INFO :: Logged in as Astro Bot
2019-05-04 16:18:44,418 :: INFO :: Starting Astro Bot ...
2019-05-04 16:18:44,498 :: INFO :: Extension src.module.events.Events has been loaded.
2019-05-04 16:18:44,532 :: INFO :: Extension src.module.nendo.NendoCommands has been loaded.
2019-05-04 16:18:44,537 :: INFO :: Extension src.module.misc.MiscCommands has been loaded.
2019-05-04 16:18:44,550 :: WARNING :: Failed to load extension src.module.anilist.AnimeCommands
ExtensionNotFound: Extension 'src.module.anilist.AnimeCommands' could not be loaded.
2019-05-04 16:18:47,431 :: INFO :: Logged in as Astro Bot
2019-05-04 16:19:30,780 :: INFO :: Starting Astro Bot ...
2019-05-04 16:19:30,825 :: INFO :: Extension src.module.events.Events has been loaded.
2019-05-04 16:19:30,864 :: INFO :: Extension src.module.nendo.NendoCommands has been loaded.
2019-05-04 16:19:30,870 :: INFO :: Extension src.module.misc.MiscCommands has been loaded.
2019-05-04 16:19:30,990 :: INFO :: Extension src.module.anilist.AnimeCommands has been loaded.
2019-05-04 16:21:58,682 :: INFO :: Starting Astro Bot ...
2019-05-04 16:21:58,732 :: INFO :: Extension src.module.events.Events has been loaded.
2019-05-04 16:21:58,772 :: INFO :: Extension src.module.nendo.NendoCommands has been loaded.
2019-05-04 16:21:58,783 :: INFO :: Extension src.module.misc.MiscCommands has been loaded.
2019-05-04 16:21:58,895 :: INFO :: Extension src.module.anilist.AnimeCommands has been loaded.
2019-05-04 16:22:01,746 :: INFO :: Logged in as Astro Bot
2019-05-18 09:14:59,291 :: INFO :: Starting Astro Bot ...
2019-05-18 09:14:59,451 :: INFO :: Extension src.module.events.Events has been loaded.
2019-05-18 09:14:59,568 :: INFO :: Extension src.module.nendo.NendoCommands has been loaded.
2019-05-18 09:14:59,574 :: INFO :: Extension src.module.misc.MiscCommands has been loaded.
2019-05-18 09:14:59,765 :: INFO :: Extension src.module.anilist.AnimeCommands has been loaded.
2019-05-18 09:15:04,436 :: INFO :: Logged in as Astro Bot
2019-05-18 16:56:57,304 :: INFO :: Starting Astro Bot ...
2019-05-18 16:56:57,423 :: INFO :: Extension src.module.events.Events has been loaded.
2019-05-18 16:56:57,525 :: INFO :: Extension src.module.nendo.NendoCommands has been loaded.
2019-05-18 16:56:57,539 :: INFO :: Extension src.module.misc.MiscCommands has been loaded.
2019-05-18 16:56:57,544 :: WARNING :: Failed to load extension src.module.anilist.AnimeCommands
ExtensionNotFound: Extension 'src.module.anilist.AnimeCommands' could not be loaded.
2019-05-18 16:57:00,448 :: INFO :: Logged in as Astro Bot
2019-05-18 16:58:35,293 :: INFO :: Starting Astro Bot ...
2019-05-18 16:58:35,351 :: INFO :: Extension src.module.events.Events has been loaded.
2019-05-18 16:58:35,401 :: INFO :: Extension src.module.nendo.NendoCommands has been loaded.
2019-05-18 16:58:35,419 :: INFO :: Extension src.module.misc.MiscCommands has been loaded.
2019-05-18 16:58:35,421 :: WARNING :: Failed to load extension src.module.anilist.AnimeCommands
ExtensionNotFound: Extension 'src.module.anilist.AnimeCommands' could not be loaded.
2019-05-18 16:58:38,796 :: INFO :: Logged in as Astro Bot
2019-05-18 11:47:10,479 :: INFO :: Starting Astro Bot ...
2019-05-18 11:47:10,682 :: INFO :: Extension src.module.events.Events has been loaded.
2019-05-18 11:47:10,794 :: INFO :: Extension src.module.nendo.NendoCommands has been loaded.
2019-05-18 11:47:10,802 :: INFO :: Extension src.module.misc.MiscCommands has been loaded.
2019-05-18 11:47:11,012 :: INFO :: Extension src.module.anilist.AnimeCommands has been loaded.
2019-05-18 11:47:11,020 :: WARNING :: Failed to load extension src.module.administration.AdminCommands
NameError: name 'logging' is not defined
2019-05-18 11:47:14,547 :: INFO :: Logged in as Astro Bot
2019-05-18 11:47:30,518 :: INFO :: Starting Astro Bot ...
2019-05-18 11:47:30,628 :: INFO :: Extension src.module.events.Events has been loaded.
2019-05-18 11:47:30,693 :: INFO :: Extension src.module.nendo.NendoCommands has been loaded.
2019-05-18 11:47:30,701 :: INFO :: Extension src.module.misc.MiscCommands has been loaded.
2019-05-18 11:47:30,903 :: INFO :: Extension src.module.anilist.AnimeCommands has been loaded.
2019-05-18 11:47:30,912 :: INFO :: Extension src.module.administration.AdminCommands has been loaded.
2019-05-18 12:57:28,232 :: INFO :: Starting Astro Bot ...
2019-05-18 12:57:28,319 :: INFO :: Extension src.module.events.Events has been loaded.
2019-05-18 12:57:28,369 :: INFO :: Extension src.module.nendo.NendoCommands has been loaded.
2019-05-18 12:57:28,387 :: INFO :: Extension src.module.misc.MiscCommands has been loaded.
2019-05-18 12:57:28,532 :: INFO :: Extension src.module.anilist.AnimeCommands has been loaded.
2019-05-18 12:57:28,542 :: INFO :: Extension src.module.administration.AdminCommands has been loaded.
2019-05-18 12:57:31,547 :: INFO :: Logged in as Astro Bot
2019-05-18 13:10:02,035 :: INFO :: Starting Astro Bot ...
2019-05-18 13:10:02,232 :: INFO :: Extension src.module.events.Events has been loaded.
2019-05-18 13:10:02,382 :: INFO :: Extension src.module.nendo.NendoCommands has been loaded.
2019-05-18 13:10:02,387 :: INFO :: Extension src.module.misc.MiscCommands has been loaded.
2019-05-18 13:10:03,017 :: INFO :: Extension src.module.anilist.AnimeCommands has been loaded.
2019-05-18 13:10:03,038 :: WARNING :: Failed to load extension src.module.administration.AdminCommands
ExtensionNotFound: Extension 'src.module.administration.AdminCommands' could not be loaded.
2019-05-18 13:10:06,324 :: INFO :: Logged in as Astro Bot
2019-05-18 13:10:34,108 :: INFO :: Starting Astro Bot ...
2019-05-18 13:10:34,224 :: INFO :: Extension src.module.events.Events has been loaded.
2019-05-18 13:10:34,269 :: INFO :: Extension src.module.nendo.NendoCommands has been loaded.
2019-05-18 13:10:34,292 :: INFO :: Extension src.module.misc.MiscCommands has been loaded.
2019-05-18 13:10:34,455 :: INFO :: Extension src.module.anilist.AnimeCommands has been loaded.
2019-05-18 13:10:34,458 :: WARNING :: Failed to load extension src.module.administration.AdminCommands
ExtensionNotFound: Extension 'src.module.administration.AdminCommands' could not be loaded.
2019-05-18 13:10:37,458 :: INFO :: Logged in as Astro Bot
2019-05-18 13:11:01,547 :: INFO :: Starting Astro Bot ...
2019-05-18 13:11:01,645 :: INFO :: Extension src.module.events.Events has been loaded.
2019-05-18 13:11:01,694 :: INFO :: Extension src.module.nendo.NendoCommands has been loaded.
2019-05-18 13:11:01,716 :: INFO :: Extension src.module.misc.MiscCommands has been loaded.
2019-05-18 13:11:01,905 :: INFO :: Extension src.module.anilist.AnimeCommands has been loaded.
2019-05-18 13:11:01,911 :: WARNING :: Failed to load extension src.module.administration.AdminCommands
ExtensionNotFound: Extension 'src.module.administration.AdminCommands' could not be loaded.
2019-05-18 13:11:04,896 :: INFO :: Logged in as Astro Bot
2019-05-18 13:14:37,952 :: INFO :: Starting Astro Bot ...
2019-05-18 13:14:38,040 :: INFO :: Extension src.module.events.Events has been loaded.
2019-05-18 13:14:38,123 :: INFO :: Extension src.module.nendo.NendoCommands has been loaded.
2019-05-18 13:14:38,137 :: INFO :: Extension src.module.misc.MiscCommands has been loaded.
2019-05-18 13:14:38,464 :: INFO :: Extension src.module.anilist.AnimeCommands has been loaded.
2019-05-18 13:14:38,475 :: WARNING :: Failed to load extension src.module.administration.AdminCommands
ExtensionNotFound: Extension 'src.module.administration.AdminCommands' could not be loaded.
2019-05-18 13:14:41,774 :: INFO :: Logged in as Astro Bot
2019-05-18 13:14:47,799 :: INFO :: Starting Astro Bot ...
2019-05-18 13:14:47,872 :: INFO :: Extension src.module.events.Events has been loaded.
2019-05-18 13:14:47,902 :: INFO :: Extension src.module.nendo.NendoCommands has been loaded.
2019-05-18 13:14:47,921 :: INFO :: Extension src.module.misc.MiscCommands has been loaded.
2019-05-18 13:14:48,110 :: INFO :: Extension src.module.anilist.AnimeCommands has been loaded.
2019-05-18 13:14:48,118 :: INFO :: Extension src.module.administration.AdminCommands has been loaded.
2019-05-18 13:14:51,044 :: INFO :: Logged in as Astro Bot
2019-05-18 13:18:37,241 :: INFO :: Starting Astro Bot ...
2019-05-18 13:18:37,346 :: INFO :: Extension src.module.events.Events has been loaded.
2019-05-18 13:18:37,389 :: INFO :: Extension src.module.nendo.NendoCommands has been loaded.
2019-05-18 13:18:37,400 :: INFO :: Extension src.module.misc.MiscCommands has been loaded.
2019-05-18 13:18:37,940 :: INFO :: Extension src.module.anilist.AnimeCommands has been loaded.
2019-05-18 13:18:37,953 :: INFO :: Extension src.module.administration.AdminCommands has been loaded.
2019-05-18 13:18:41,734 :: INFO :: Logged in as Astro Bot
2019-05-18 13:40:06,131 :: INFO :: Starting Astro Bot ...
2019-05-18 13:40:06,247 :: INFO :: Extension src.module.events.Events has been loaded.
2019-05-18 13:40:06,324 :: INFO :: Extension src.module.nendo.NendoCommands has been loaded.
2019-05-18 13:40:06,329 :: INFO :: Extension src.module.misc.MiscCommands has been loaded.
2019-05-18 13:40:06,578 :: INFO :: Extension src.module.anilist.AnimeCommands has been loaded.
2019-05-18 13:40:06,592 :: INFO :: Extension src.module.administration.AdminCommands has been loaded.
2019-05-18 13:40:10,357 :: INFO :: Logged in as Astro Bot
2019-05-18 13:41:59,086 :: INFO :: Starting Astro Bot ...
2019-05-18 13:41:59,202 :: INFO :: Extension src.module.events.Events has been loaded.
2019-05-18 13:41:59,270 :: INFO :: Extension src.module.nendo.NendoCommands has been loaded.
2019-05-18 13:41:59,274 :: INFO :: Extension src.module.misc.MiscCommands has been loaded.
2019-05-18 13:41:59,448 :: INFO :: Extension src.module.anilist.AnimeCommands has been loaded.
2019-05-18 13:41:59,456 :: INFO :: Extension src.module.administration.AdminCommands has been loaded.
2019-05-18 13:42:03,147 :: INFO :: Logged in as Astro Bot
2019-05-18 13:44:15,345 :: INFO :: Starting Astro Bot ...
2019-05-18 13:44:15,480 :: INFO :: Extension src.module.events.Events has been loaded.
2019-05-18 13:44:15,515 :: INFO :: Extension src.module.nendo.NendoCommands has been loaded.
2019-05-18 13:44:15,519 :: INFO :: Extension src.module.misc.MiscCommands has been loaded.
2019-05-18 13:44:15,692 :: INFO :: Extension src.module.anilist.AnimeCommands has been loaded.
2019-05-18 13:44:15,699 :: INFO :: Extension src.module.administration.AdminCommands has been loaded.
2019-05-18 13:44:18,982 :: INFO :: Logged in as Astro Bot
2019-05-18 13:47:45,907 :: INFO :: Starting Astro Bot ...
2019-05-18 13:47:45,984 :: INFO :: Extension src.module.events.Events has been loaded.
2019-05-18 13:47:46,052 :: INFO :: Extension src.module.nendo.NendoCommands has been loaded.
2019-05-18 13:47:46,058 :: INFO :: Extension src.module.misc.MiscCommands has been loaded.
2019-05-18 13:47:46,197 :: INFO :: Extension src.module.anilist.AnimeCommands has been loaded.
2019-05-18 13:47:46,203 :: WARNING :: Failed to load extension src.module.administration.AdminCommands
NameError: name 'server' is not defined
2019-05-18 13:47:49,090 :: INFO :: Logged in as Astro Bot
2019-05-18 13:49:05,233 :: INFO :: Starting Astro Bot ...
2019-05-18 13:49:05,310 :: INFO :: Extension src.module.events.Events has been loaded.
2019-05-18 13:49:05,338 :: INFO :: Extension src.module.nendo.NendoCommands has been loaded.
2019-05-18 13:49:05,347 :: INFO :: Extension src.module.misc.MiscCommands has been loaded.
2019-05-18 13:49:05,463 :: INFO :: Extension src.module.anilist.AnimeCommands has been loaded.
2019-05-18 13:49:05,472 :: WARNING :: Failed to load extension src.module.administration.AdminCommands
ExtensionFailed: Extension 'src.module.administration.AdminCommands' raised an error: ClientException: Command avatar is already registered.
2019-05-18 13:49:08,615 :: INFO :: Logged in as Astro Bot
2019-05-18 14:06:06,432 :: INFO :: Starting Astro Bot ...
2019-05-18 14:06:06,576 :: INFO :: Extension src.module.events.Events has been loaded.
2019-05-18 14:06:06,613 :: INFO :: Extension src.module.nendo.NendoCommands has been loaded.
2019-05-18 14:06:06,619 :: INFO :: Extension src.module.misc.MiscCommands has been loaded.
2019-05-18 14:06:06,813 :: INFO :: Extension src.module.anilist.AnimeCommands has been loaded.
2019-05-18 14:06:06,821 :: INFO :: Extension src.module.administration.AdminCommands has been loaded.
2019-05-18 14:06:10,246 :: INFO :: Logged in as Astro Bot
2019-05-18 14:11:44,996 :: INFO :: Starting Astro Bot ...
2019-05-18 14:11:45,068 :: INFO :: Extension src.module.events.Events has been loaded.
2019-05-18 14:11:45,107 :: INFO :: Extension src.module.nendo.NendoCommands has been loaded.
2019-05-18 14:11:45,113 :: INFO :: Extension src.module.misc.MiscCommands has been loaded.
2019-05-18 14:11:45,243 :: INFO :: Extension src.module.anilist.AnimeCommands has been loaded.
2019-05-18 14:11:45,245 :: INFO :: Extension src.module.administration.AdminCommands has been loaded.
2019-05-18 14:11:48,203 :: INFO :: Logged in as Astro Bot
2019-05-18 14:13:41,243 :: INFO :: Starting Astro Bot ...
2019-05-18 14:13:41,304 :: INFO :: Extension src.module.events.Events has been loaded.
2019-05-18 14:13:41,341 :: INFO :: Extension src.module.nendo.NendoCommands has been loaded.
2019-05-18 14:13:41,344 :: INFO :: Extension src.module.misc.MiscCommands has been loaded.
2019-05-18 14:13:41,473 :: INFO :: Extension src.module.anilist.AnimeCommands has been loaded.
2019-05-18 14:13:41,482 :: INFO :: Extension src.module.administration.AdminCommands has been loaded.
2019-05-18 14:13:44,479 :: INFO :: Logged in as Astro Bot
2019-05-18 14:14:11,244 :: INFO :: Starting Astro Bot ...
2019-05-18 14:14:11,309 :: INFO :: Extension src.module.events.Events has been loaded.
2019-05-18 14:14:11,350 :: INFO :: Extension src.module.nendo.NendoCommands has been loaded.
2019-05-18 14:14:11,353 :: INFO :: Extension src.module.misc.MiscCommands has been loaded.
2019-05-18 14:14:11,483 :: INFO :: Extension src.module.anilist.AnimeCommands has been loaded.
2019-05-18 14:14:11,493 :: INFO :: Extension src.module.administration.AdminCommands has been loaded.
2019-05-18 14:14:14,559 :: INFO :: Logged in as Astro Bot
2019-05-18 14:15:00,983 :: INFO :: Starting Astro Bot ...
2019-05-18 14:15:01,057 :: INFO :: Extension src.module.events.Events has been loaded.
2019-05-18 14:15:01,107 :: INFO :: Extension src.module.nendo.NendoCommands has been loaded.
2019-05-18 14:15:01,130 :: INFO :: Extension src.module.misc.MiscCommands has been loaded.
2019-05-18 14:15:01,332 :: INFO :: Extension src.module.anilist.AnimeCommands has been loaded.
2019-05-18 14:15:01,388 :: INFO :: Extension src.module.administration.AdminCommands has been loaded.
2019-05-18 14:15:05,016 :: INFO :: Logged in as Astro Bot
2019-05-18 14:32:34,614 :: INFO :: Starting Astro Bot ...
2019-05-18 14:32:34,677 :: INFO :: Extension src.module.events.Events has been loaded.
2019-05-18 14:32:34,748 :: INFO :: Extension src.module.nendo.NendoCommands has been loaded.
2019-05-18 14:32:34,754 :: INFO :: Extension src.module.misc.MiscCommands has been loaded.
2019-05-18 14:32:34,953 :: INFO :: Extension src.module.anilist.AnimeCommands has been loaded.
2019-05-18 14:32:34,962 :: INFO :: Extension src.module.administration.AdminCommands has been loaded.
2019-05-18 14:32:38,700 :: INFO :: Logged in as Astro Bot
2019-05-18 14:33:57,964 :: INFO :: Starting Astro Bot ...
2019-05-18 14:33:58,038 :: INFO :: Extension src.module.events.Events has been loaded.
2019-05-18 14:33:58,091 :: INFO :: Extension src.module.nendo.NendoCommands has been loaded.
2019-05-18 14:33:58,094 :: INFO :: Extension src.module.misc.MiscCommands has been loaded.
2019-05-18 14:33:58,261 :: INFO :: Extension src.module.anilist.AnimeCommands has been loaded.
2019-05-18 14:33:58,276 :: INFO :: Extension src.module.administration.AdminCommands has been loaded.
2019-05-18 14:34:02,636 :: INFO :: Logged in as Astro Bot
2019-05-18 14:49:52,217 :: INFO :: Starting Astro Bot ...
2019-05-18 14:49:52,372 :: INFO :: Extension src.module.events.Events has been loaded.
2019-05-18 14:49:52,652 :: INFO :: Extension src.module.nendo.NendoCommands has been loaded.
2019-05-18 14:49:52,685 :: INFO :: Extension src.module.misc.MiscCommands has been loaded.
2019-05-18 14:49:53,413 :: INFO :: Extension src.module.anilist.AnimeCommands has been loaded.
2019-05-18 14:49:53,428 :: INFO :: Extension src.module.administration.AdminCommands has been loaded.
2019-05-18 14:49:56,668 :: INFO :: Logged in as Astro Bot
2019-05-18 15:24:27,034 :: INFO :: Starting Astro Bot ...
2019-05-18 15:24:27,103 :: INFO :: Extension src.module.events.Events has been loaded.
2019-05-18 15:24:27,142 :: INFO :: Extension src.module.nendo.NendoCommands has been loaded.
2019-05-18 15:24:27,153 :: INFO :: Extension src.module.misc.MiscCommands has been loaded.
2019-05-18 15:24:27,303 :: INFO :: Extension src.module.anilist.AnimeCommands has been loaded.
2019-05-18 15:24:27,310 :: WARNING :: Failed to load extension src.module.administration.AdminCommands
NameError: name 'Member' is not defined
2019-05-18 15:24:30,244 :: INFO :: Logged in as Astro Bot
2019-05-18 15:24:45,387 :: INFO :: Starting Astro Bot ...
2019-05-18 15:24:45,455 :: INFO :: Extension src.module.events.Events has been loaded.
2019-05-18 15:24:45,491 :: INFO :: Extension src.module.nendo.NendoCommands has been loaded.
2019-05-18 15:24:45,494 :: INFO :: Extension src.module.misc.MiscCommands has been loaded.
2019-05-18 15:24:45,633 :: INFO :: Extension src.module.anilist.AnimeCommands has been loaded.
2019-05-18 15:24:45,642 :: INFO :: Extension src.module.administration.AdminCommands has been loaded.
2019-05-18 15:24:48,484 :: INFO :: Logged in as Astro Bot
2019-05-18 15:26:23,920 :: INFO :: Starting Astro Bot ...
2019-05-18 15:26:24,548 :: INFO :: Extension src.module.events.Events has been loaded.
2019-05-18 15:26:24,912 :: INFO :: Extension src.module.nendo.NendoCommands has been loaded.
2019-05-18 15:26:24,916 :: INFO :: Extension src.module.misc.MiscCommands has been loaded.
2019-05-18 15:26:25,203 :: INFO :: Extension src.module.anilist.AnimeCommands has been loaded.
2019-05-18 15:26:25,233 :: INFO :: Extension src.module.administration.AdminCommands has been loaded.
2019-05-18 15:26:28,493 :: INFO :: Logged in as Astro Bot
2019-05-18 16:08:41,441 :: INFO :: Starting Astro Bot ...
2019-05-18 16:08:41,543 :: INFO :: Extension src.module.events.Events has been loaded.
2019-05-18 16:08:41,586 :: INFO :: Extension src.module.nendo.NendoCommands has been loaded.
2019-05-18 16:08:41,594 :: INFO :: Extension src.module.misc.MiscCommands has been loaded.
2019-05-18 16:08:41,807 :: INFO :: Extension src.module.anilist.AnimeCommands has been loaded.
2019-05-18 16:08:41,817 :: INFO :: Extension src.module.administration.AdminCommands has been loaded.
2019-05-18 16:08:44,772 :: INFO :: Logged in as Astro Bot
2019-05-18 16:15:58,739 :: INFO :: Starting Astro Bot ...
2019-05-18 16:15:58,812 :: INFO :: Extension src.module.events.Events has been loaded.
2019-05-18 16:15:58,846 :: INFO :: Extension src.module.nendo.NendoCommands has been loaded.
2019-05-18 16:15:58,854 :: INFO :: Extension src.module.misc.MiscCommands has been loaded.
2019-05-18 16:15:59,007 :: INFO :: Extension src.module.anilist.AnimeCommands has been loaded.
2019-05-18 16:15:59,018 :: INFO :: Extension src.module.administration.AdminCommands has been loaded.
2019-05-18 16:16:01,985 :: INFO :: Logged in as Astro Bot
2019-05-18 16:16:57,021 :: INFO :: Starting Astro Bot ...
2019-05-18 16:16:57,088 :: INFO :: Extension src.module.events.Events has been loaded.
2019-05-18 16:16:57,162 :: INFO :: Extension src.module.nendo.NendoCommands has been loaded.
2019-05-18 16:16:57,171 :: INFO :: Extension src.module.misc.MiscCommands has been loaded.
2019-05-18 16:16:57,338 :: INFO :: Extension src.module.anilist.AnimeCommands has been loaded.
2019-05-18 16:16:57,361 :: INFO :: Extension src.module.administration.AdminCommands has been loaded.
2019-05-18 16:17:00,388 :: INFO :: Logged in as Astro Bot
2019-05-18 16:18:02,950 :: INFO :: Starting Astro Bot ...
2019-05-18 16:18:03,043 :: INFO :: Extension src.module.events.Events has been loaded.
2019-05-18 16:18:03,082 :: INFO :: Extension src.module.nendo.NendoCommands has been loaded.
2019-05-18 16:18:03,085 :: INFO :: Extension src.module.misc.MiscCommands has been loaded.
2019-05-18 16:18:03,243 :: INFO :: Extension src.module.anilist.AnimeCommands has been loaded.
2019-05-18 16:18:03,253 :: INFO :: Extension src.module.administration.AdminCommands has been loaded.
2019-05-18 16:18:06,506 :: INFO :: Logged in as Astro Bot
2019-05-18 16:18:37,583 :: INFO :: Starting Astro Bot ...
2019-05-18 16:18:37,704 :: INFO :: Extension src.module.events.Events has been loaded.
2019-05-18 16:18:37,768 :: INFO :: Extension src.module.nendo.NendoCommands has been loaded.
2019-05-18 16:18:37,777 :: INFO :: Extension src.module.misc.MiscCommands has been loaded.
2019-05-18 16:18:37,936 :: INFO :: Extension src.module.anilist.AnimeCommands has been loaded.
2019-05-18 16:18:37,950 :: INFO :: Extension src.module.administration.AdminCommands has been loaded.
2019-05-18 16:18:40,861 :: INFO :: Logged in as Astro Bot
2019-05-18 16:19:30,088 :: INFO :: Starting Astro Bot ...
2019-05-18 16:19:30,181 :: INFO :: Extension src.module.events.Events has been loaded.
2019-05-18 16:19:30,228 :: INFO :: Extension src.module.nendo.NendoCommands has been loaded.
2019-05-18 16:19:30,240 :: INFO :: Extension src.module.misc.MiscCommands has been loaded.
2019-05-18 16:19:30,638 :: INFO :: Extension src.module.anilist.AnimeCommands has been loaded.
2019-05-18 16:19:30,655 :: INFO :: Extension src.module.administration.AdminCommands has been loaded.
2019-05-18 16:19:33,703 :: INFO :: Logged in as Astro Bot
2019-05-18 16:34:02,383 :: INFO :: Starting Astro Bot ...
2019-05-18 16:34:02,497 :: INFO :: Extension src.module.events.Events has been loaded.
2019-05-18 16:34:02,545 :: INFO :: Extension src.module.nendo.NendoCommands has been loaded.
2019-05-18 16:34:02,563 :: INFO :: Extension src.module.misc.MiscCommands has been loaded.
2019-05-18 16:34:02,763 :: INFO :: Extension src.module.anilist.AnimeCommands has been loaded.
2019-05-18 16:34:02,775 :: INFO :: Extension src.module.administration.AdminCommands has been loaded.
2019-05-18 16:34:06,184 :: INFO :: Logged in as Astro Bot
2019-05-18 16:39:48,021 :: INFO :: Starting Astro Bot ...
2019-05-18 16:39:48,103 :: INFO :: Extension src.module.events.Events has been loaded.
2019-05-18 16:39:48,150 :: INFO :: Extension src.module.nendo.NendoCommands has been loaded.
2019-05-18 16:39:48,168 :: INFO :: Extension src.module.misc.MiscCommands has been loaded.
2019-05-18 16:39:48,401 :: INFO :: Extension src.module.anilist.AnimeCommands has been loaded.
2019-05-18 16:39:48,408 :: WARNING :: Failed to load extension src.module.administration.AdminCommands
SyntaxError: invalid syntax (AdminCommands.py, line 83)
2019-05-18 16:39:51,338 :: INFO :: Logged in as Astro Bot
2019-05-18 16:40:20,204 :: INFO :: Starting Astro Bot ...
2019-05-18 16:40:20,267 :: INFO :: Extension src.module.events.Events has been loaded.
2019-05-18 16:40:20,315 :: INFO :: Extension src.module.nendo.NendoCommands has been loaded.
2019-05-18 16:40:20,332 :: INFO :: Extension src.module.misc.MiscCommands has been loaded.
2019-05-18 16:40:20,460 :: INFO :: Extension src.module.anilist.AnimeCommands has been loaded.
2019-05-18 16:40:20,468 :: INFO :: Extension src.module.administration.AdminCommands has been loaded.
2019-05-18 16:40:23,412 :: INFO :: Logged in as Astro Bot
2019-05-18 16:46:25,532 :: INFO :: Starting Astro Bot ...
2019-05-18 16:46:25,653 :: INFO :: Extension src.module.events.Events has been loaded.
2019-05-18 16:46:25,732 :: INFO :: Extension src.module.nendo.NendoCommands has been loaded.
2019-05-18 16:46:25,740 :: INFO :: Extension src.module.misc.MiscCommands has been loaded.
2019-05-18 16:46:25,987 :: INFO :: Extension src.module.anilist.AnimeCommands has been loaded.
2019-05-18 16:46:25,998 :: INFO :: Extension src.module.administration.AdminCommands has been loaded.
2019-05-18 16:46:29,724 :: INFO :: Logged in as Astro Bot
2019-05-18 16:49:14,200 :: INFO :: Starting Astro Bot ...
2019-05-18 16:49:14,378 :: INFO :: Extension src.module.events.Events has been loaded.
2019-05-18 16:49:14,450 :: INFO :: Extension src.module.nendo.NendoCommands has been loaded.
2019-05-18 16:49:14,453 :: INFO :: Extension src.module.misc.MiscCommands has been loaded.
2019-05-18 16:49:14,605 :: INFO :: Extension src.module.anilist.AnimeCommands has been loaded.
2019-05-18 16:49:14,623 :: INFO :: Extension src.module.administration.AdminCommands has been loaded.
2019-05-18 16:49:17,530 :: INFO :: Logged in as Astro Bot
2019-05-18 17:08:03,849 :: INFO :: Starting Astro Bot ...
2019-05-18 17:08:03,925 :: INFO :: Extension src.module.events.Events has been loaded.
2019-05-18 17:08:03,973 :: INFO :: Extension src.module.nendo.NendoCommands has been loaded.
2019-05-18 17:08:03,985 :: INFO :: Extension src.module.misc.MiscCommands has been loaded.
2019-05-18 17:08:04,139 :: INFO :: Extension src.module.anilist.AnimeCommands has been loaded.
2019-05-18 17:08:04,156 :: INFO :: Extension src.module.administration.AdminCommands has been loaded.
2019-05-18 17:08:07,210 :: INFO :: Logged in as Astro Bot
2019-05-18 17:26:06,812 :: INFO :: Starting Astro Bot ...
2019-05-18 17:26:07,005 :: INFO :: Extension src.module.events.Events has been loaded.
2019-05-18 17:26:07,335 :: INFO :: Extension src.module.nendo.NendoCommands has been loaded.
2019-05-18 17:26:07,339 :: INFO :: Extension src.module.misc.MiscCommands has been loaded.
2019-05-18 17:26:08,265 :: INFO :: Extension src.module.anilist.AnimeCommands has been loaded.
2019-05-18 17:26:08,274 :: INFO :: Extension src.module.administration.AdminCommands has been loaded.
2019-05-18 17:26:11,216 :: INFO :: Logged in as Astro Bot
2019-05-18 17:26:44,864 :: INFO :: Starting Astro Bot ...
2019-05-18 17:26:44,945 :: INFO :: Extension src.module.events.Events has been loaded.
2019-05-18 17:26:44,982 :: INFO :: Extension src.module.nendo.NendoCommands has been loaded.
2019-05-18 17:26:44,986 :: INFO :: Extension src.module.misc.MiscCommands has been loaded.
2019-05-18 17:26:45,154 :: INFO :: Extension src.module.anilist.AnimeCommands has been loaded.
2019-05-18 17:26:45,174 :: INFO :: Extension src.module.administration.AdminCommands has been loaded.
2019-05-18 17:26:48,181 :: INFO :: Logged in as Astro Bot
2019-05-18 17:45:47,332 :: INFO :: Starting Astro Bot ...
2019-05-18 17:45:47,456 :: INFO :: Extension src.module.events.Events has been loaded.
2019-05-18 17:45:47,565 :: INFO :: Extension src.module.nendo.NendoCommands has been loaded.
2019-05-18 17:45:47,571 :: INFO :: Extension src.module.misc.MiscCommands has been loaded.
2019-05-18 17:45:47,741 :: INFO :: Extension src.module.anilist.AnimeCommands has been loaded.
2019-05-18 17:45:47,755 :: INFO :: Extension src.module.administration.AdminCommands has been loaded.
2019-05-18 17:45:51,211 :: INFO :: Logged in as Astro Bot
2019-05-18 17:47:05,863 :: INFO :: Starting Astro Bot ...
2019-05-18 17:47:05,946 :: INFO :: Extension src.module.events.Events has been loaded.
2019-05-18 17:47:05,975 :: INFO :: Extension src.module.nendo.NendoCommands has been loaded.
2019-05-18 17:47:05,982 :: INFO :: Extension src.module.misc.MiscCommands has been loaded.
2019-05-18 17:47:06,345 :: INFO :: Extension src.module.anilist.AnimeCommands has been loaded.
2019-05-18 17:47:06,417 :: INFO :: Extension src.module.administration.AdminCommands has been loaded.
2019-05-18 17:47:09,830 :: INFO :: Logged in as Astro Bot
2019-05-18 17:47:59,234 :: INFO :: Starting Astro Bot ...
2019-05-18 17:47:59,346 :: INFO :: Extension src.module.events.Events has been loaded.
2019-05-18 17:47:59,416 :: INFO :: Extension src.module.nendo.NendoCommands has been loaded.
2019-05-18 17:47:59,422 :: INFO :: Extension src.module.misc.MiscCommands has been loaded.
2019-05-18 17:48:00,306 :: INFO :: Extension src.module.anilist.AnimeCommands has been loaded.
2019-05-18 17:48:00,319 :: INFO :: Extension src.module.administration.AdminCommands has been loaded.
2019-05-18 17:48:04,010 :: INFO :: Logged in as Astro Bot
2019-05-18 17:49:24,943 :: INFO :: Starting Astro Bot ...
2019-05-18 17:49:25,480 :: INFO :: Extension src.module.events.Events has been loaded.
2019-05-18 17:49:26,045 :: INFO :: Extension src.module.nendo.NendoCommands has been loaded.
2019-05-18 17:49:26,077 :: INFO :: Extension src.module.misc.MiscCommands has been loaded.
2019-05-18 17:49:26,488 :: INFO :: Extension src.module.anilist.AnimeCommands has been loaded.
2019-05-18 17:49:26,504 :: INFO :: Extension src.module.administration.AdminCommands has been loaded.
2019-05-18 17:49:29,566 :: INFO :: Logged in as Astro Bot
2019-05-18 17:53:55,916 :: INFO :: Starting Astro Bot ...
2019-05-18 17:53:55,999 :: INFO :: Extension src.module.events.Events has been loaded.
2019-05-18 17:53:56,033 :: INFO :: Extension src.module.nendo.NendoCommands has been loaded.
2019-05-18 17:53:56,040 :: INFO :: Extension src.module.misc.MiscCommands has been loaded.
2019-05-18 17:53:56,176 :: INFO :: Extension src.module.anilist.AnimeCommands has been loaded.
2019-05-18 17:53:56,185 :: INFO :: Extension src.module.administration.AdminCommands has been loaded.
2019-05-18 17:53:59,630 :: INFO :: Logged in as Astro Bot
2019-05-19 04:21:24,131 :: INFO :: Starting Astro Bot ...
2019-05-19 04:21:24,208 :: INFO :: Extension src.module.events.Events has been loaded.
2019-05-19 04:21:24,244 :: INFO :: Extension src.module.nendo.NendoCommands has been loaded.
2019-05-19 04:21:24,248 :: INFO :: Extension src.module.misc.MiscCommands has been loaded.
2019-05-19 04:21:24,362 :: INFO :: Extension src.module.anilist.AnimeCommands has been loaded.
2019-05-19 04:21:24,365 :: INFO :: Extension src.module.administration.AdminCommands has been loaded.
2019-05-19 04:21:27,368 :: INFO :: Logged in as Astro Bot
2019-05-25 16:59:09,529 :: INFO :: Starting Astro Bot ...
2019-05-25 16:59:09,794 :: INFO :: Extension src.module.events.Events has been loaded.
2019-05-25 16:59:09,979 :: INFO :: Extension src.module.nendo.NendoCommands has been loaded.
2019-05-25 16:59:09,996 :: INFO :: Extension src.module.misc.MiscCommands has been loaded.
2019-05-25 16:59:10,294 :: INFO :: Extension src.module.anilist.AnimeCommands has been loaded.
2019-05-25 16:59:10,319 :: INFO :: Extension src.module.administration.AdminCommands has been loaded.
2019-05-25 16:59:13,274 :: INFO :: Logged in as Astro Bot
2019-05-25 17:00:19,074 :: INFO :: Starting Astro Bot ...
2019-05-25 17:00:19,157 :: INFO :: Extension src.module.events.Events has been loaded.
2019-05-25 17:00:19,201 :: INFO :: Extension src.module.nendo.NendoCommands has been loaded.
2019-05-25 17:00:19,220 :: INFO :: Extension src.module.misc.MiscCommands has been loaded.
2019-05-25 17:00:19,382 :: INFO :: Extension src.module.anilist.AnimeCommands has been loaded.
2019-05-25 17:00:19,392 :: INFO :: Extension src.module.administration.AdminCommands has been loaded.
2019-05-25 17:00:22,315 :: INFO :: Logged in as Astro Bot
2019-05-25 17:03:51,002 :: INFO :: Starting Astro Bot ...
2019-05-25 17:03:51,100 :: INFO :: Extension src.module.events.Events has been loaded.
2019-05-25 17:03:51,144 :: INFO :: Extension src.module.nendo.NendoCommands has been loaded.
2019-05-25 17:03:51,156 :: INFO :: Extension src.module.misc.MiscCommands has been loaded.
2019-05-25 17:03:51,351 :: INFO :: Extension src.module.anilist.AnimeCommands has been loaded.
2019-05-25 17:03:51,361 :: INFO :: Extension src.module.administration.AdminCommands has been loaded.
2019-05-25 17:03:54,288 :: INFO :: Logged in as Astro Bot
2019-05-25 17:06:10,528 :: INFO :: Starting Astro Bot ...
2019-05-25 17:06:10,660 :: INFO :: Extension src.module.events.Events has been loaded.
2019-05-25 17:06:10,732 :: INFO :: Extension src.module.nendo.NendoCommands has been loaded.
2019-05-25 17:06:10,740 :: INFO :: Extension src.module.misc.MiscCommands has been loaded.
2019-05-25 17:06:10,908 :: INFO :: Extension src.module.anilist.AnimeCommands has been loaded.
2019-05-25 17:06:10,918 :: INFO :: Extension src.module.administration.AdminCommands has been loaded.
2019-05-25 17:06:13,935 :: INFO :: Logged in as Astro Bot
2019-07-19 13:38:56,277 :: INFO :: Starting Astro Bot ...
2019-07-19 13:38:56,417 :: INFO :: Extension src.module.events.Events has been loaded.
2019-07-19 13:38:56,507 :: INFO :: Extension src.module.nendo.NendoCommands has been loaded.
2019-07-19 13:38:56,513 :: INFO :: Extension src.module.misc.MiscCommands has been loaded.
2019-07-19 13:38:56,649 :: INFO :: Extension src.module.anilist.AnimeCommands has been loaded.
2019-07-19 13:38:56,653 :: INFO :: Extension src.module.administration.AdminCommands has been loaded.
2019-07-19 13:39:06,628 :: INFO :: Logged in as Astro Bot
2019-07-19 14:17:05,891 :: INFO :: Starting Astro Bot ...
2019-07-19 14:17:06,000 :: INFO :: Extension src.module.events.Events has been loaded.
2019-07-19 14:17:06,080 :: INFO :: Extension src.module.nendo.NendoCommands has been loaded.
2019-07-19 14:17:06,089 :: INFO :: Extension src.module.misc.MiscCommands has been loaded.
2019-07-19 14:17:06,284 :: INFO :: Extension src.module.anilist.AnimeCommands has been loaded.
2019-07-19 14:17:06,288 :: INFO :: Extension src.module.administration.AdminCommands has been loaded.
2019-07-19 14:17:17,217 :: INFO :: Logged in as Astro Bot
2019-07-19 16:49:33,011 :: INFO :: Starting Astro Bot ...
2019-07-19 16:49:33,117 :: INFO :: Extension src.module.events.Events has been loaded.
2019-07-19 16:49:33,200 :: INFO :: Extension src.module.nendo.NendoCommands has been loaded.
2019-07-19 16:49:33,211 :: INFO :: Extension src.module.misc.MiscCommands has been loaded.
2019-07-19 16:49:33,347 :: INFO :: Extension src.module.anilist.AnimeCommands has been loaded.
2019-07-19 16:49:33,358 :: WARNING :: Failed to load extension src.module.administration.AdminCommands
ExtensionFailed: Extension 'src.module.administration.AdminCommands' raised an error: NameError: name 'default' is not defined
2019-07-19 16:49:38,266 :: INFO :: Logged in as Astro Bot
2019-07-19 16:50:12,036 :: INFO :: Starting Astro Bot ...
2019-07-19 16:50:12,124 :: INFO :: Extension src.module.events.Events has been loaded.
2019-07-19 16:50:12,161 :: INFO :: Extension src.module.nendo.NendoCommands has been loaded.
2019-07-19 16:50:12,174 :: INFO :: Extension src.module.misc.MiscCommands has been loaded.
2019-07-19 16:50:12,312 :: INFO :: Extension src.module.anilist.AnimeCommands has been loaded.
2019-07-19 16:50:12,315 :: WARNING :: Failed to load extension src.module.administration.AdminCommands
ExtensionNotFound: Extension 'src.module.administration.AdminCommands' could not be loaded.
2019-07-19 16:50:15,291 :: INFO :: Logged in as Astro Bot
2019-07-19 16:50:53,816 :: INFO :: Starting Astro Bot ...
2019-07-19 16:50:53,892 :: INFO :: Extension src.module.events.Events has been loaded.
2019-07-19 16:50:53,934 :: INFO :: Extension src.module.nendo.NendoCommands has been loaded.
2019-07-19 16:50:53,942 :: INFO :: Extension src.module.misc.MiscCommands has been loaded.
2019-07-19 16:50:54,108 :: INFO :: Extension src.module.anilist.AnimeCommands has been loaded.
2019-07-19 16:50:54,112 :: WARNING :: Failed to load extension src.module.administration.AdminCommands
SyntaxError: invalid syntax (AdminCommands.py, line 3)
2019-07-19 16:51:06,467 :: INFO :: Logged in as Astro Bot
2019-07-19 16:53:04,884 :: INFO :: Starting Astro Bot ...
2019-07-19 16:53:04,952 :: INFO :: Extension src.module.events.Events has been loaded.
2019-07-19 16:53:05,030 :: INFO :: Extension src.module.nendo.NendoCommands has been loaded.
2019-07-19 16:53:05,036 :: INFO :: Extension src.module.misc.MiscCommands has been loaded.
2019-07-19 16:53:05,168 :: INFO :: Extension src.module.anilist.AnimeCommands has been loaded.
2019-07-19 16:53:05,172 :: WARNING :: Failed to load extension src.module.administration.AdminCommands
ExtensionNotFound: Extension 'src.module.administration.AdminCommands' could not be loaded.
2019-07-19 16:53:14,958 :: INFO :: Logged in as Astro Bot
2019-07-19 16:56:54,869 :: INFO :: Logged in as Astro Bot
2019-07-19 17:28:43,868 :: INFO :: Logged in as Astro Bot
2019-07-19 17:40:56,433 :: INFO :: Starting Astro Bot ...
2019-07-19 17:40:56,509 :: INFO :: Extension src.module.events.Events has been loaded.
2019-07-19 17:40:56,546 :: INFO :: Extension src.module.nendo.NendoCommands has been loaded.
2019-07-19 17:40:56,564 :: INFO :: Extension src.module.misc.MiscCommands has been loaded.
2019-07-19 17:40:56,695 :: INFO :: Extension src.module.anilist.AnimeCommands has been loaded.
2019-07-19 17:40:56,716 :: WARNING :: Failed to load extension src.module.administration.AdminCommands
ExtensionFailed: Extension 'src.module.administration.AdminCommands' raised an error: FileNotFoundError: JSON file wasn't found
2019-07-19 17:41:11,820 :: INFO :: Logged in as Astro Bot
2019-07-19 17:41:44,606 :: INFO :: Starting Astro Bot ...
2019-07-19 17:41:44,683 :: INFO :: Extension src.module.events.Events has been loaded.
2019-07-19 17:41:44,754 :: INFO :: Extension src.module.nendo.NendoCommands has been loaded.
2019-07-19 17:41:44,760 :: INFO :: Extension src.module.misc.MiscCommands has been loaded.
2019-07-19 17:41:44,882 :: INFO :: Extension src.module.anilist.AnimeCommands has been loaded.
2019-07-19 17:41:44,904 :: WARNING :: Failed to load extension src.module.administration.AdminCommands
ExtensionFailed: Extension 'src.module.administration.AdminCommands' raised an error: NameError: name 'namedtuple' is not defined
2019-07-19 17:42:06,225 :: INFO :: Logged in as Astro Bot
2019-07-19 17:44:27,501 :: INFO :: Starting Astro Bot ...
2019-07-19 17:44:27,600 :: INFO :: Extension src.module.events.Events has been loaded.
2019-07-19 17:44:27,646 :: INFO :: Extension src.module.nendo.NendoCommands has been loaded.
2019-07-19 17:44:27,649 :: INFO :: Extension src.module.misc.MiscCommands has been loaded.
2019-07-19 17:44:27,781 :: INFO :: Extension src.module.anilist.AnimeCommands has been loaded.
2019-07-19 17:44:27,790 :: INFO :: Extension src.module.administration.AdminCommands has been loaded.
2019-07-19 17:44:44,840 :: INFO :: Logged in as Astro Bot
2019-07-19 17:47:16,173 :: INFO :: Starting Astro Bot ...
2019-07-19 17:47:16,241 :: INFO :: Extension src.module.events.Events has been loaded.
2019-07-19 17:47:16,283 :: INFO :: Extension src.module.nendo.NendoCommands has been loaded.
2019-07-19 17:47:16,296 :: INFO :: Extension src.module.misc.MiscCommands has been loaded.
2019-07-19 17:47:16,429 :: INFO :: Extension src.module.anilist.AnimeCommands has been loaded.
2019-07-19 17:47:16,438 :: INFO :: Extension src.module.administration.AdminCommands has been loaded.
2019-07-19 17:47:33,793 :: INFO :: Logged in as Astro Bot
2019-07-19 17:49:26,135 :: INFO :: Starting Astro Bot ...
2019-07-19 17:49:26,211 :: INFO :: Extension src.module.events.Events has been loaded.
2019-07-19 17:49:26,237 :: INFO :: Extension src.module.nendo.NendoCommands has been loaded.
2019-07-19 17:49:26,247 :: INFO :: Extension src.module.misc.MiscCommands has been loaded.
2019-07-19 17:49:26,363 :: INFO :: Extension src.module.anilist.AnimeCommands has been loaded.
2019-07-19 17:49:26,370 :: INFO :: Extension src.module.administration.AdminCommands has been loaded.
2019-07-19 17:49:29,675 :: INFO :: Logged in as Astro Bot
2019-07-19 17:50:11,498 :: DEBUG :: coucou
2019-07-19 17:59:22,955 :: INFO :: Starting Astro Bot ...
2019-07-19 17:59:23,014 :: INFO :: Extension src.module.events.Events has been loaded.
2019-07-19 17:59:23,060 :: INFO :: Extension src.module.nendo.NendoCommands has been loaded.
2019-07-19 17:59:23,063 :: INFO :: Extension src.module.misc.MiscCommands has been loaded.
2019-07-19 17:59:23,188 :: INFO :: Extension src.module.anilist.AnimeCommands has been loaded.
2019-07-19 17:59:23,200 :: INFO :: Extension src.module.administration.AdminCommands has been loaded.
2019-07-19 17:59:34,793 :: INFO :: Logged in as Astro Bot
2019-07-19 18:00:11,606 :: INFO :: Starting Astro Bot ...
2019-07-19 18:00:11,664 :: INFO :: Extension src.module.events.Events has been loaded.
2019-07-19 18:00:11,702 :: INFO :: Extension src.module.nendo.NendoCommands has been loaded.
2019-07-19 18:00:11,709 :: INFO :: Extension src.module.misc.MiscCommands has been loaded.
2019-07-19 18:00:11,870 :: INFO :: Extension src.module.anilist.AnimeCommands has been loaded.
2019-07-19 18:00:11,876 :: INFO :: Extension src.module.administration.AdminCommands has been loaded.
2019-07-19 18:00:25,965 :: INFO :: Logged in as Astro Bot
2019-07-19 18:01:24,705 :: INFO :: Starting Astro Bot ...
2019-07-19 18:01:24,777 :: INFO :: Extension src.module.events.Events has been loaded.
2019-07-19 18:01:24,805 :: INFO :: Extension src.module.nendo.NendoCommands has been loaded.
2019-07-19 18:01:24,820 :: INFO :: Extension src.module.misc.MiscCommands has been loaded.
2019-07-19 18:01:25,103 :: INFO :: Extension src.module.anilist.AnimeCommands has been loaded.
2019-07-19 18:01:25,112 :: INFO :: Extension src.module.administration.AdminCommands has been loaded.
2019-07-19 18:01:39,562 :: INFO :: Logged in as Astro Bot
2019-07-19 18:13:25,894 :: INFO :: Starting Astro Bot ...
2019-07-19 18:13:25,964 :: INFO :: Extension src.module.events.Events has been loaded.
2019-07-19 18:13:26,007 :: INFO :: Extension src.module.nendo.NendoCommands has been loaded.
2019-07-19 18:13:26,024 :: INFO :: Extension src.module.misc.MiscCommands has been loaded.
2019-07-19 18:13:26,155 :: INFO :: Extension src.module.anilist.AnimeCommands has been loaded.
2019-07-19 18:13:26,158 :: WARNING :: Failed to load extension src.module.administration.AdminCommands
SyntaxError: invalid syntax (AdminCommands.py, line 105)
2019-07-19 18:13:35,285 :: INFO :: Logged in as Astro Bot
2019-07-19 18:15:18,266 :: INFO :: Starting Astro Bot ...
2019-07-19 18:15:18,333 :: INFO :: Extension src.module.events.Events has been loaded.
2019-07-19 18:15:18,375 :: INFO :: Extension src.module.nendo.NendoCommands has been loaded.
2019-07-19 18:15:18,383 :: INFO :: Extension src.module.misc.MiscCommands has been loaded.
2019-07-19 18:15:18,506 :: INFO :: Extension src.module.anilist.AnimeCommands has been loaded.
2019-07-19 18:15:18,509 :: WARNING :: Failed to load extension src.module.administration.AdminCommands
SyntaxError: invalid syntax (AdminCommands.py, line 105)
2019-07-19 18:15:28,930 :: INFO :: Logged in as Astro Bot
2019-07-19 18:15:43,734 :: INFO :: Starting Astro Bot ...
2019-07-19 18:15:43,796 :: INFO :: Extension src.module.events.Events has been loaded.
2019-07-19 18:15:43,842 :: INFO :: Extension src.module.nendo.NendoCommands has been loaded.
2019-07-19 18:15:43,846 :: INFO :: Extension src.module.misc.MiscCommands has been loaded.
2019-07-19 18:15:43,974 :: INFO :: Extension src.module.anilist.AnimeCommands has been loaded.
2019-07-19 18:15:43,978 :: WARNING :: Failed to load extension src.module.administration.AdminCommands
SyntaxError: invalid syntax (AdminCommands.py, line 105)
2019-07-19 18:15:57,964 :: INFO :: Logged in as Astro Bot
2019-07-19 18:17:17,766 :: INFO :: Starting Astro Bot ...
2019-07-19 18:17:17,847 :: INFO :: Extension src.module.events.Events has been loaded.
2019-07-19 18:17:17,884 :: INFO :: Extension src.module.nendo.NendoCommands has been loaded.
2019-07-19 18:17:17,887 :: INFO :: Extension src.module.misc.MiscCommands has been loaded.
2019-07-19 18:17:18,020 :: INFO :: Extension src.module.anilist.AnimeCommands has been loaded.
2019-07-19 18:17:18,031 :: INFO :: Extension src.module.administration.AdminCommands has been loaded.
2019-07-19 18:17:30,486 :: INFO :: Logged in as Astro Bot
2019-07-19 18:19:24,783 :: INFO :: Starting Astro Bot ...
2019-07-19 18:19:24,852 :: INFO :: Extension src.module.events.Events has been loaded.
2019-07-19 18:19:24,913 :: INFO :: Extension src.module.nendo.NendoCommands has been loaded.
2019-07-19 18:19:24,917 :: INFO :: Extension src.module.misc.MiscCommands has been loaded.
2019-07-19 18:19:25,067 :: INFO :: Extension src.module.anilist.AnimeCommands has been loaded.
2019-07-19 18:19:25,071 :: INFO :: Extension src.module.administration.AdminCommands has been loaded.
2019-07-19 18:19:40,369 :: INFO :: Logged in as Astro Bot
2019-07-19 18:21:25,795 :: INFO :: Starting Astro Bot ...
2019-07-19 18:21:25,839 :: INFO :: Extension src.module.events.Events has been loaded.
2019-07-19 18:21:25,882 :: INFO :: Extension src.module.nendo.NendoCommands has been loaded.
2019-07-19 18:21:25,884 :: INFO :: Extension src.module.misc.MiscCommands has been loaded.
2019-07-19 18:21:25,996 :: INFO :: Extension src.module.anilist.AnimeCommands has been loaded.
2019-07-19 18:21:25,999 :: INFO :: Extension src.module.administration.AdminCommands has been loaded.
2019-07-19 18:21:47,970 :: INFO :: Logged in as Astro Bot
2019-07-19 18:21:51,529 :: DEBUG :: [['https://66.media.tumblr.com/c03c5de2bcb81820c4e74811d1e96da7/tumblr_puvdea5QZK1txicv8o1_640.jpg', 'fate/grand order fate fgo', 'https://www.goodsmile.info/ja/product/8555']]
2019-07-19 18:21:51,531 :: DEBUG :: [['https://66.media.tumblr.com/c03c5de2bcb81820c4e74811d1e96da7/tumblr_puvdea5QZK1txicv8o1_640.jpg', 'fate/grand order fate fgo', 'https://www.goodsmile.info/ja/product/8555'], ['https://66.media.tumblr.com/8b4bd95e82d2b4750a7d1b134360f5b2/tumblr_puvdbwADcb1txicv8o1_640.jpg', 'とある科学の一方通行 accelerator a certain scientific accelerator', 'https://www.goodsmile.info/ja/product/8556']]
2019-07-19 18:21:51,532 :: DEBUG :: [['https://66.media.tumblr.com/c03c5de2bcb81820c4e74811d1e96da7/tumblr_puvdea5QZK1txicv8o1_640.jpg', 'fate/grand order fate fgo', 'https://www.goodsmile.info/ja/product/8555'], ['https://66.media.tumblr.com/8b4bd95e82d2b4750a7d1b134360f5b2/tumblr_puvdbwADcb1txicv8o1_640.jpg', 'とある科学の一方通行 accelerator a certain scientific accelerator', 'https://www.goodsmile.info/ja/product/8556'], ['https://66.media.tumblr.com/1611ee63376c9ef02c5be41e50dc4e8f/tumblr_puieitwoV81txicv8o1_1280.jpg', 'hatsune miku magical mirai 初音未來', 'http://www.goodsmile.info/ja/product/8513/']]
2019-07-19 18:21:52,326 :: DEBUG :: fate/grand order fate fgo https://www.goodsmile.info/ja/product/8555
2019-07-19 18:22:23,793 :: INFO :: Starting Astro Bot ...
2019-07-19 18:22:23,832 :: INFO :: Extension src.module.events.Events has been loaded.
2019-07-19 18:22:23,907 :: INFO :: Extension src.module.nendo.NendoCommands has been loaded.
2019-07-19 18:22:23,916 :: INFO :: Extension src.module.misc.MiscCommands has been loaded.
2019-07-19 18:22:24,043 :: INFO :: Extension src.module.anilist.AnimeCommands has been loaded.
2019-07-19 18:22:24,048 :: INFO :: Extension src.module.administration.AdminCommands has been loaded.
2019-07-19 18:22:27,027 :: INFO :: Logged in as Astro Bot
2019-07-19 18:24:23,381 :: DEBUG :: [['https://66.media.tumblr.com/c03c5de2bcb81820c4e74811d1e96da7/tumblr_puvdea5QZK1txicv8o1_640.jpg', 'fate/grand order fate fgo', 'https://www.goodsmile.info/ja/product/8555']]
2019-07-19 18:24:23,383 :: DEBUG :: [['https://66.media.tumblr.com/c03c5de2bcb81820c4e74811d1e96da7/tumblr_puvdea5QZK1txicv8o1_640.jpg', 'fate/grand order fate fgo', 'https://www.goodsmile.info/ja/product/8555'], ['https://66.media.tumblr.com/8b4bd95e82d2b4750a7d1b134360f5b2/tumblr_puvdbwADcb1txicv8o1_640.jpg', 'とある科学の一方通行 accelerator a certain scientific accelerator', 'https://www.goodsmile.info/ja/product/8556']]
2019-07-19 18:24:23,384 :: DEBUG :: [['https://66.media.tumblr.com/c03c5de2bcb81820c4e74811d1e96da7/tumblr_puvdea5QZK1txicv8o1_640.jpg', 'fate/grand order fate fgo', 'https://www.goodsmile.info/ja/product/8555'], ['https://66.media.tumblr.com/8b4bd95e82d2b4750a7d1b134360f5b2/tumblr_puvdbwADcb1txicv8o1_640.jpg', 'とある科学の一方通行 accelerator a certain scientific accelerator', 'https://www.goodsmile.info/ja/product/8556'], ['https://66.media.tumblr.com/1611ee63376c9ef02c5be41e50dc4e8f/tumblr_puieitwoV81txicv8o1_1280.jpg', 'hatsune miku magical mirai 初音未來', 'http://www.goodsmile.info/ja/product/8513/']]
2019-07-19 18:24:24,212 :: DEBUG :: fate/grand order fate fgo https://www.goodsmile.info/ja/product/8555
2019-07-19 18:24:27,891 :: DEBUG :: とある科学の一方通行 accelerator a certain scientific accelerator https://www.goodsmile.info/ja/product/8556
2019-07-19 18:24:32,056 :: DEBUG :: hatsune miku magical mirai 初音未來 http://www.goodsmile.info/ja/product/8513/
